


ARM Macro Assembler    Page 1 


    1 00000000                 AREA             UPC_Check, CODE, READWRITE
    2 00000000                 ENTRY                        ;Start of program
    3 00000000         
    4 00000000 E59F0034        LDR              r0, =UPC    ;Loads UPC's Memory
                                                             Location in r0, Al
                                                            lows us to access i
                                                            t
    5 00000004         
    6 00000004         ;SUMUPC loop correctly sums the digits of the UPC 
    7 00000004 E7D03004 
                       SUMUPC  LDRB             r3, [r0, r4] ;As r4 is incremen
                                                            ted, r3 will iterat
                                                            e through the UPC d
                                                            igits
    8 00000008 E2433030        SUB              r3, r3, #48 ;Converts ASCII -> 
                                                            Integer
    9 0000000C E3140001        TST              r4, #1      ;Checks if r4 is at
                                                             an even or odd pos
                                                            ition
   10 00000010 00833083        ADDEQ            r3, r3, r3, LSL #1 ;Multiplies 
                                                            1st, 3rd, 5th, 7th,
                                                             9th, and 11th digi
                                                            t by 3, as these ma
                                                            ke up the "first su
                                                            m"
   11 00000014 E0855003        ADD              r5, r5, r3  ;Keeps running sum 
                                                            of all numbers 
   12 00000018 E2844001        ADD              r4, r4, #1  ;Increments r4 so t
                                                            hat it points to th
                                                            e next number in th
                                                            e UPC
   13 0000001C E354000C        CMP              r4, #12     ;     ;Accesses all
                                                             numbers. Includes 
                                                            check digit because
                                                             I used a slightly 
                                                            different method th
                                                            an the one suggeste
                                                            d by the assignment
                                                            
   14 00000020 BAFFFFF7        BLT              SUMUPC      ;      ;Loops back 
                                                            until all the digit
                                                            s have been summed
   15 00000024         
   16 00000024         ;REMTEM loop determines if r5 is a multiple of 10
   17 00000024 E3550000 
                       REMTEN  CMP              r5, #0      ;      ;Checks if c
                                                            urrent sum is <,>, 
                                                            or = to 0. Will aff
                                                            ect how program bra
                                                            nches
   18 00000028 03A00001        MOVEQ            r0, #1      ;     ;If r5 = 0, t
                                                            he sum of the digit
                                                            s is a multiple of 
                                                            10 and check digit 
                                                            is correct. sets r0
                                                             to 1, as per asn i
                                                            nstructions
   19 0000002C B3A00002        MOVLT            r0, #2      ;     ;If r5 is <10
                                                            , the sum of the di



ARM Macro Assembler    Page 2 


                                                            gits is not a multi
                                                            ple of 10; check di
                                                            git is incorrect
   20 00000030 C245500A        SUBGT            r5, r5, #10 ;    ;If r5 > 0, we
                                                             subtract 10 from i
                                                            t and check whether
                                                             (r5-10) is <,>, or
                                                             = to 0
   21 00000034 CAFFFFFA        BGT              REMTEN      ;      ;If r5 > 0, 
                                                            we cannot confirm w
                                                            hether or not its a
                                                             multiple, so we lo
                                                            ops until r5 is < o
                                                            r = to 0.
   22 00000038         
   23 00000038 EAFFFFFE 
                       endprogram
                               B                endprogram  ;End program
   24 0000003C         
   25 0000003C 00000000        AREA             UPC_Check, DATA, READWRITE
   26 00000040 37 32 36 
              34 31 32 
              31 37 35 
              34 32 34 UPC     DCB              "726412175424" ;UPC string
   27 0000004C                 END
Command Line: --debug --xref --bi --apcs=interwork --depend=.\q1.d -o.\q1.o -ID
:\programs\Keil\ARM\RV31\INC -ID:\programs\Keil\ARM\CMSIS\Include --predefine="
__EVAL SETA 1" --list=.\q1.lst q1.s



ARM Macro Assembler    Page 1 Alphabetic symbol ordering
Relocatable symbols

REMTEN 00000024

Symbol: REMTEN
   Definitions
      At line 17 in file q1.s
   Uses
      At line 21 in file q1.s
Comment: REMTEN used once
SUMUPC 00000004

Symbol: SUMUPC
   Definitions
      At line 7 in file q1.s
   Uses
      At line 14 in file q1.s
Comment: SUMUPC used once
UPC 00000040

Symbol: UPC
   Definitions
      At line 26 in file q1.s
   Uses
      At line 4 in file q1.s
Comment: UPC used once
UPC_Check 00000000

Symbol: UPC_Check
   Definitions
      At line 1 in file q1.s
   Uses
      None
Comment: UPC_Check unused
endprogram 00000038

Symbol: endprogram
   Definitions
      At line 23 in file q1.s
   Uses
      At line 23 in file q1.s
Comment: endprogram used once
5 symbols
338 symbols in table
